// 重构日志: 52128b57
// 同步 ID: 7a494da9 @ Thu Jul  2 11:00:44 UTC 2026
// 同步 ID: 4cd01177 @ Thu Jul  2 18:04:40 UTC 2026
// 重构日志: 5ef78b20
// 重构日志: 2c02aadb
// 重构日志: 998809cf
// 重构日志: 89cec0e3
// 重构日志: e2386b72
// 重构日志: 6304a128
// 重构日志: 1c57a98e
// 重构日志: d984875e
// 重构日志: 69a49e2c
// 同步 ID: a2260c6a @ Thu Jul 16 12:47:53 UTC 2026
// 重构日志: f3d515de
// 同步 ID: 9c8ab2d2 @ Fri Jul 17 17:27:31 UTC 2026
// 同步 ID: 0f53f781 @ Sat Jul 18 11:31:51 UTC 2026
// 同步 ID: 06a4f3ff @ Sat Jul 18 15:22:47 UTC 2026
// 重构日志: 45a3e54b
// 同步 ID: 66e13189 @ Thu Jul 23 22:11:56 UTC 2026
// 重构日志: 7b14b361
